<?xml version="1.0" encoding="UTF-8"?>
<!-- Generated by org.testng.reporters.JUnitXMLReporter -->
<testsuite ignored="0" hostname="LTIN127900" failures="0" tests="2" name="Default test" time="0.114" errors="0" timestamp="2024-03-08T16:01:43 IST">
  <testcase classname="TestCases.BrowserBaseClass" name="@BeforeTest openApp" time="-1.709893902832E9">
    <failure type="org.testng.TestNGException" message="
Parameter &amp;apos;browser&amp;apos; is required by BeforeTest on method openApp but has not been marked @Optional or defined
in C:\Users\2308816\AppData\Local\Temp\7\testng-eclipse--1487822757\testng-customsuite.xml">
      <![CDATA[org.testng.TestNGException: 
Parameter 'browser' is required by BeforeTest on method openApp but has not been marked @Optional or defined
in C:\Users\2308816\AppData\Local\Temp\7\testng-eclipse--1487822757\testng-customsuite.xml
at org.testng.internal.Parameters.createParams(Parameters.java:270)
at org.testng.internal.Parameters.createParametersForMethod(Parameters.java:358)
at org.testng.internal.Parameters.createParameters(Parameters.java:700)
at org.testng.internal.Parameters.createConfigurationParameters(Parameters.java:168)
at org.testng.internal.ConfigInvoker.invokeConfigurations(ConfigInvoker.java:302)
at org.testng.TestRunner.invokeTestConfigurations(TestRunner.java:637)
at org.testng.TestRunner.beforeRun(TestRunner.java:627)
at org.testng.TestRunner.run(TestRunner.java:589)
at org.testng.SuiteRunner.runTest(SuiteRunner.java:377)
at org.testng.SuiteRunner.runSequentially(SuiteRunner.java:371)
at org.testng.SuiteRunner.privateRun(SuiteRunner.java:332)
at org.testng.SuiteRunner.run(SuiteRunner.java:276)
at org.testng.SuiteRunnerWorker.runSuite(SuiteRunnerWorker.java:53)
at org.testng.SuiteRunnerWorker.run(SuiteRunnerWorker.java:96)
at org.testng.TestNG.runSuitesSequentially(TestNG.java:1212)
at org.testng.TestNG.runSuitesLocally(TestNG.java:1134)
at org.testng.TestNG.runSuites(TestNG.java:1063)
at org.testng.TestNG.run(TestNG.java:1031)
at org.testng.remote.AbstractRemoteTestNG.run(AbstractRemoteTestNG.java:115)
at org.testng.remote.RemoteTestNG.initAndRun(RemoteTestNG.java:251)
at org.testng.remote.RemoteTestNG.main(RemoteTestNG.java:77)
]]>
    </failure>
  </testcase> <!-- @BeforeTest openApp -->
  <testcase classname="TestCases.BrowserBaseClass" name="@AfterTest quit" time="-1.709893902934E9">
    <skipped/>
  </testcase> <!-- @AfterTest quit -->
  <testcase classname="TestCases.HomePage" name="VerifiyTitle" time="0.0">
    <skipped/>
  </testcase> <!-- VerifiyTitle -->
  <testcase classname="TestCases.HomePage" name="NavigateTravelInsurance" time="0.0">
    <skipped/>
  </testcase> <!-- NavigateTravelInsurance -->
</testsuite> <!-- Default test -->
